<?xml version="1.0" encoding="UTF-8"?>
<!-- Generated by org.testng.reporters.JUnitReportReporter -->
<testsuite hostname="Lucifer" failures="0" tests="2" name="com.api.tests.APIHeaderTest" time="0.563" errors="0" timestamp="2023-12-28T11:20:41 IST" skipped="0">
  <testcase classname="com.api.tests.APIHeaderTest" name="HeaderwithArrayTest" time="0.001"/>
  <testcase classname="com.api.tests.APIHeaderTest" name="APIHeadersTest" time="0.562"/>
</testsuite> <!-- com.api.tests.APIHeaderTest -->
