<?xml version="1.0" encoding="UTF-8"?>
<!-- Generated by org.testng.reporters.JUnitReportReporter -->
<testsuite hostname="Lucifer" failures="0" tests="1" name="com.api.tests.GetDataFromFileTest" time="0.764" errors="0" timestamp="2023-12-28T13:04:24 IST" skipped="0">
  <testcase classname="com.api.tests.GetDataFromFileTest" name="PostCallFileTest" time="0.764"/>
</testsuite> <!-- com.api.tests.GetDataFromFileTest -->
