<?xml version="1.0" encoding="UTF-8"?>
<!-- Generated by org.testng.reporters.JUnitReportReporter -->
<testsuite hostname="Lucifer" failures="0" tests="1" name="com.api.tests.PostCallTest" time="1.325" errors="0" timestamp="2023-12-28T12:25:40 IST" skipped="0">
  <testcase classname="com.api.tests.PostCallTest" name="APIPostCallTest" time="1.325"/>
</testsuite> <!-- com.api.tests.PostCallTest -->
