<?xml version="1.0" encoding="UTF-8"?>
<!-- Generated by org.testng.reporters.JUnitReportReporter -->
<testsuite hostname="Lucifer" failures="0" tests="2" name="com.api.tests.GetAPITest" time="1.445" errors="0" timestamp="2023-12-27T13:50:57 IST" skipped="0">
  <testcase classname="com.api.tests.GetAPITest" name="verifyGetCall" time="0.821"/>
  <testcase classname="com.api.tests.GetAPITest" name="verifyGetCallWithQueryParams" time="0.624"/>
</testsuite> <!-- com.api.tests.GetAPITest -->
