<?xml version="1.0" encoding="UTF-8"?>
<!-- Generated by org.testng.reporters.JUnitReportReporter -->
<testsuite hostname="Lucifer" failures="0" tests="2" name="coom.api.tests.GetAPITest" time="1.243" errors="0" timestamp="2023-12-27T13:40:46 IST" skipped="0">
  <testcase classname="coom.api.tests.GetAPITest" name="verifyGetCallWithQueryParams" time="0.584"/>
  <testcase classname="coom.api.tests.GetAPITest" name="verifyGetCall" time="0.659"/>
</testsuite> <!-- coom.api.tests.GetAPITest -->
